<?xml version="1.0" encoding="UTF-8"?>
<!-- Generated by org.testng.reporters.JUnitXMLReporter -->
<testsuite ignored="0" hostname="sunflower" failures="0" tests="3" name="Default test" time="27.494" errors="0" timestamp="2024-12-19T09:36:28 EST">
  <testcase classname="haniehsadatiacademy.SeleniumFrameDesign.SubmitOrderUsingDataProvider" name="SubmitOrder" time="4.878"/>
  <testcase classname="haniehsadatiacademy.SeleniumFrameDesign.SubmitOrderUsingDataProvider" name="SubmitOrder" time="4.752"/>
  <testcase classname="haniehsadatiacademy.SeleniumFrameDesign.SubmitOrderUsingDataProvider" name="OrderHistoryTest" time="1.148"/>
</testsuite> <!-- Default test -->
