<?xml version="1.0" encoding="UTF-8"?>
<!-- Generated by org.testng.reporters.JUnitXMLReporter -->
<testsuite ignored="1" hostname="sunflower" failures="1" tests="1" name="Submit Order Test" time="7.317" errors="0" timestamp="2024-12-29T21:22:32 EST">
  <testcase classname="haniehsadatiacademy.SeleniumFrameDesign.SubmitOrderTestCase" name="SubmitOrder" time="1.218">
    <failure type="java.lang.NullPointerException" message="Cannot invoke &amp;quot;org.openqa.selenium.WebElement.findElement(org.openqa.selenium.By)&amp;quot; because &amp;quot;prod&amp;quot; is null">
      <![CDATA[java.lang.NullPointerException: Cannot invoke "org.openqa.selenium.WebElement.findElement(org.openqa.selenium.By)" because "prod" is null
at haniehsadatiacademy.pageObjects.ProductCatalog.addProductToCart(ProductCatalog.java:76)
at haniehsadatiacademy.SeleniumFrameDesign.SubmitOrderTestCase.SubmitOrder(SubmitOrderTestCase.java:28)
at java.base/java.util.ArrayList.forEach(ArrayList.java:1596)
at java.base/java.util.concurrent.FutureTask.run(FutureTask.java:317)
at java.base/java.util.concurrent.ThreadPoolExecutor.runWorker(ThreadPoolExecutor.java:1144)
at java.base/java.util.concurrent.ThreadPoolExecutor$Worker.run(ThreadPoolExecutor.java:642)
at java.base/java.lang.Thread.run(Thread.java:1583)
... Removed 15 stack frames]]>
    </failure>
  </testcase> <!-- SubmitOrder -->
  <testcase classname="haniehsadatiacademy.SeleniumFrameDesign.SubmitOrderTestCase" name="OrderHistoryTest" time="0.0">
    <ignored/>
  </testcase> <!-- OrderHistoryTest -->
</testsuite> <!-- Submit Order Test -->
