<?xml version="1.0" encoding="UTF-8"?>
<!-- Generated by org.testng.reporters.JUnitXMLReporter -->
<testsuite ignored="2" hostname="sunflower" failures="0" tests="0" time="0.026" errors="0" timestamp="2024-12-29T21:22:25 EST">
  <testcase classname="haniehsadatiacademy.SeleniumFrameDesign.SubmitOrderUsingDataProvider" name="OrderHistoryTest" time="0.0">
    <ignored/>
  </testcase> <!-- OrderHistoryTest -->
  <testcase classname="haniehsadatiacademy.SeleniumFrameDesign.SubmitOrderUsingDataProvider" name="SubmitOrder" time="0.0">
    <ignored/>
  </testcase> <!-- SubmitOrder -->
</testsuite>
