<?xml version="1.0" encoding="UTF-8"?>
<!-- Generated by org.testng.reporters.JUnitXMLReporter -->
<testsuite ignored="1" hostname="DESKTOP-4LREKPR" failures="0" tests="2" name="Submit Order Test3" time="41.25" errors="0" timestamp="2024-12-09T18:57:36 EST">
  <testcase classname="haniehsadatiacademy.SeleniumFrameDesign.SubmitOrderUsingDataProviderHashMap" name="SubmitOrder" time="15.665"/>
  <testcase classname="haniehsadatiacademy.SeleniumFrameDesign.SubmitOrderUsingDataProviderHashMap" name="SubmitOrder" time="15.629"/>
  <testcase classname="haniehsadatiacademy.SeleniumFrameDesign.SubmitOrderUsingDataProviderHashMap" name="OrderHistoryTest" time="0.0">
    <ignored/>
  </testcase> <!-- OrderHistoryTest -->
</testsuite> <!-- Submit Order Test3 -->
