<?xml version="1.0" encoding="UTF-8"?>
<!-- Generated by org.testng.reporters.JUnitXMLReporter -->
<testsuite ignored="2" hostname="sunflower" failures="0" tests="0" time="0.018" errors="0" timestamp="2024-12-30T12:23:27 EST">
  <testcase classname="haniehsadatiacademy.SeleniumFrameDesign.SubmitOrderTestCase" name="SubmitOrder" time="0.0">
    <ignored/>
  </testcase> <!-- SubmitOrder -->
  <testcase classname="haniehsadatiacademy.SeleniumFrameDesign.SubmitOrderTestCase" name="OrderHistoryTest" time="0.0">
    <ignored/>
  </testcase> <!-- OrderHistoryTest -->
</testsuite>
