<?xml version="1.0" encoding="UTF-8"?>
<!-- Generated by org.testng.reporters.JUnitReportReporter -->
<testsuite hostname="sunflower" failures="0" tests="1" name="runner.TestNGTestRunner" time="6.346" errors="1" timestamp="2024-12-29T21:18:28 EST" skipped="0">
  <testcase classname="runner.TestNGTestRunner" name="runScenario" time="6.346">
    <error message="Cannot invoke &quot;org.openqa.selenium.WebElement.findElement(org.openqa.selenium.By)&quot; because &quot;prod&quot; is null" type="java.lang.NullPointerException">
      <![CDATA[java.lang.NullPointerException: Cannot invoke "org.openqa.selenium.WebElement.findElement(org.openqa.selenium.By)" because "prod" is null
at haniehsadatiacademy.pageObjects.ProductCatalog.addProductToCart(ProductCatalog.java:76)
at stepDefinitions.StepDefinitionImplementation.I_add_productName_to_cart(StepDefinitionImplementation.java:39)
at ✽.I add product "ZARA COAT 3" to Cart(file:///C:/eclipse-workspace/SeleniumFrameDesign/src/test/java/features/PurchaseOrder.feature:12)
]]>
    </error>
  </testcase> <!-- runScenario -->
</testsuite> <!-- runner.TestNGTestRunner -->
